AList.not_mem_empty
AffineMap.coe_snd
Array.data_swap
BilinForm.isAdjointPair_id
BoundedContinuousFunction.ext
BoxIntegral.Prepartition.filter_le
CategoryTheory.Bicategory.leftUnitor_inv_naturality
CategoryTheory.Limits.prod.comp_lift
ContinuousMap.toLp_inj
ConvolutionExistsAt.distrib_add
Ctop.ofEquiv_val
DifferentiableWithinAt.add_const
Disjoint.aedisjoint
ENNReal.coe_nsmul
ENNReal.monotone_zpow
EReal.neg_eq_bot_iff
Embedding.map_nhds_eq
Filter.IsBasis.mem_filter_iff
Filter.map_const
Finset.coe_min'
Finsupp.update_self
Int.gcd_pos_of_ne_zero_left
IsAlgebraic.algHom
IsLocalizedModule.mk'_neg
IsPreconnected.ordConnected
LinearIsometryEquiv.coe_symm_trans
LinearMap.map_smul_inv
LinearMap.toMatrix₂_symm
LinearOrderedField.smul_Iic
List.IsPrefix.subset
LocallyConstant.coe_desc
LocallyConstant.mulIndicator_of_not_mem
Matrix.diag_apply
MeasureTheory.ProbabilityMeasure.apply_mono
Monoid.minOrder_le_orderOf
MulHom.coe_prod
MvPolynomial.vanishingIdeal_pointToPoint
NonUnitalSubring.coe_toNonUnitalSubsemiring
OrderEmbedding.coe_ofMapLEIff
OrderHom.apply_mono
PFun.fn_apply
Poly.const_apply
Polynomial.continuous_eval₂
Profinite.IndexFunctor.map_comp_π_app
RingEquiv.map_multiset_sum
RingHom.mapMatrix_id
Set.Ioc_def
Set.mulIndicator_apply_le_one
StrictMono.image_Iio_subset
String.Pos.ext_iff
TensorAlgebra.ringQuot_mkAlgHom_freeAlgebra_ι_eq_ι
Tropical.untrop_zero
Zsqrtd.nonnegg_comm
exists_Ico_subset_of_mem_nhds
iInf₂_le_of_le
interior_iInter₂_subset
lowerClosure_empty
toZ_of_ge
uniformity_le_symm
