logs/simple_search/02-08-20-00.log
None
{'log_root': './logs', 'dataset_name': 'hoskinson-center/minif2f-lean4', 'split': 'validation', 'slice_size': 1, 'model_name': 'wellecks/llmstep-mathlib4-pythia2.8b', 'search_method': 'simple_search', 'search_budget': 4, 'max_iters': 4, 'temperatures': [0.5], 'num_samples': 4, 'verbose': True}
import Mathlib.Algebra.BigOperators.Basic
import Mathlib.Data.Real.Basic
import Mathlib.Data.Complex.Basic
import Mathlib.Data.Nat.Log
import Mathlib.Data.Complex.Exponential
import Mathlib.NumberTheory.Divisors
import Mathlib.Data.ZMod.Defs
import Mathlib.Data.ZMod.Basic
import Mathlib.Topology.Basic
import Mathlib.Data.Nat.Digits

open BigOperators
open Real
open Nat
open Topology

theorem amc12a_2019_p21
  (z : ℂ)
  (h₀ : z = (1 + Complex.I) / Real.sqrt 2) :
  (∑ k in Finset.Icc 1 12, (z^(k^2))) * (∑ k in Finset.Icc 1 12, (1 / z^(k^2))) = 36 := by {}
== Current (0): 
theorem amc12a_2019_p21
  (z : ℂ)
  (h₀ : z = (1 + Complex.I) / Real.sqrt 2) :
  (∑ k in Finset.Icc 1 12, (z^(k^2))) * (∑ k in Finset.Icc 1 12, (1 / z^(k^2))) = 36 := by

