logs/simple_search/02-08-20-07.log
None
{'log_root': './logs', 'dataset_name': 'hoskinson-center/minif2f-lean4', 'split': 'validation', 'slice_size': 1, 'model_name': 'wellecks/llmstep-mathlib4-pythia2.8b', 'search_method': 'simple_search', 'search_budget': 4, 'max_iters': 4, 'temperatures': [0.5], 'num_samples': 4, 'verbose': True}
import Mathlib.Algebra.BigOperators.Basic
import Mathlib.Data.Real.Basic
import Mathlib.Data.Complex.Basic
import Mathlib.Data.Nat.Log
import Mathlib.Data.Complex.Exponential
import Mathlib.NumberTheory.Divisors
import Mathlib.Data.ZMod.Defs
import Mathlib.Data.ZMod.Basic
import Mathlib.Topology.Basic
import Mathlib.Data.Nat.Digits

open BigOperators
open Real
open Nat
open Topology

theorem amc12a_2019_p21
  (z : ℂ)
  (h₀ : z = (1 + Complex.I) / Real.sqrt 2) :
  (∑ k in Finset.Icc 1 12, (z^(k^2))) * (∑ k in Finset.Icc 1 12, (1 / z^(k^2))) = 36 := by {}
== Current (0): 
theorem amc12a_2019_p21
  (z : ℂ)
  (h₀ : z = (1 + Complex.I) / Real.sqrt 2) :
  (∑ k in Finset.Icc 1 12, (z^(k^2))) * (∑ k in Finset.Icc 1 12, (1 / z^(k^2))) = 36 := by

-- Goal: 
z : ℂ
h₀ : z = (1 + Complex.I) / ↑(Real.sqrt 2)
⊢ (∑ k in Finset.Icc 1 12, z ^ k ^ 2) * ∑ k in Finset.Icc 1 12, 1 / z ^ k ^ 2 = 36
== Current (1): 
theorem amc12a_2019_p21
  (z : ℂ)
  (h₀ : z = (1 + Complex.I) / Real.sqrt 2) :
  (∑ k in Finset.Icc 1 12, (z^(k^2))) * (∑ k in Finset.Icc 1 12, (1 / z^(k^2))) = 36 := by
rw [h₀, Complex.I_sq_re, mul_div_cancel_left]
-- Error: backtracking
-- Goal: 
z : ℂ
h₀ : z = (1 + Complex.I) / ↑(Real.sqrt 2)
⊢ (∑ k in Finset.Icc 1 12, z ^ k ^ 2) * ∑ k in Finset.Icc 1 12, 1 / z ^ k ^ 2 = 36
== Current (2): 
theorem amc12a_2019_p21
  (z : ℂ)
  (h₀ : z = (1 + Complex.I) / Real.sqrt 2) :
  (∑ k in Finset.Icc 1 12, (z^(k^2))) * (∑ k in Finset.Icc 1 12, (1 / z^(k^2))) = 36 := by
simp only [h₀, mul_one, Finset.sum_const, mul_comm, mul_div_cancel_left]
-- Goal: 
z : ℂ
h₀ : z = (1 + Complex.I) / ↑(Real.sqrt 2)
⊢ (∑ x in Finset.Icc 1 12, ((1 + Complex.I) / ↑(Real.sqrt 2)) ^ x ^ 2) *
      ∑ x in Finset.Icc 1 12, 1 / ((1 + Complex.I) / ↑(Real.sqrt 2)) ^ x ^ 2 =
    36
== Current (3): 
theorem amc12a_2019_p21
  (z : ℂ)
  (h₀ : z = (1 + Complex.I) / Real.sqrt 2) :
  (∑ k in Finset.Icc 1 12, (z^(k^2))) * (∑ k in Finset.Icc 1 12, (1 / z^(k^2))) = 36 := by
simp only [h₀, mul_one, Finset.sum_const, mul_comm, mul_div_cancel_left]
rw [← div_div, div_sqrt]
-- Error: backtracking
-- Goal: 
z : ℂ
h₀ : z = (1 + Complex.I) / ↑(Real.sqrt 2)
⊢ (∑ x in Finset.Icc 1 12, ((1 + Complex.I) / ↑(Real.sqrt 2)) ^ x ^ 2) *
      ∑ x in Finset.Icc 1 12, 1 / ((1 + Complex.I) / ↑(Real.sqrt 2)) ^ x ^ 2 =
    36

FAILED
theorem amc12a_2019_p21
  (z : ℂ)
  (h₀ : z = (1 + Complex.I) / Real.sqrt 2) :
  (∑ k in Finset.Icc 1 12, (z^(k^2))) * (∑ k in Finset.Icc 1 12, (1 / z^(k^2))) = 36 := by
{'theorem_statement': 'theorem amc12a_2019_p21\n  (z : ℂ)\n  (h₀ : z = (1 + Complex.I) / Real.sqrt 2) :\n  (∑ k in Finset.Icc 1 12, (z^(k^2))) * (∑ k in Finset.Icc 1 12, (1 / z^(k^2))) = 36 := by {}', 'proof': 'simp only [h₀, mul_one, Finset.sum_const, mul_comm, mul_div_cancel_left]\nhave h₁ : (1 : ℂ) / (Real.sqrt 2 : ℝ) = Complex.I := by\n  rw [← Complex.ofReal_sqrt]\n  simp', 'success': False}

-----

Success Rate: 0.0
