AList.not_mem_empty
AffineMap.coe_snd
BilinForm.isAdjointPair_id
BoundedContinuousFunction.ext
BoxIntegral.Prepartition.filter_le
CPolynomialAt_const
CategoryTheory.Bicategory.leftUnitor_inv_naturality
CategoryTheory.Limits.prod.comp_lift
ConvolutionExistsAt.distrib_add
Ctop.ofEquiv_val
DifferentiableWithinAt.add_const
DihedralGroup.r_one_pow
Disjoint.aedisjoint
ENNReal.coe_nsmul
ENNReal.monotone_zpow
EReal.neg_eq_bot_iff
Filter.IsBasis.mem_filter_iff
Filter.pi_mem_pi
Finset.coe_min'
Finsupp.update_self
Int.gcd_pos_of_ne_zero_left
IsAlgebraic.algHom
IsLocalizedModule.mk'_neg
IsPreconnected.ordConnected
LinearIsometryEquiv.coe_symm_trans
LinearMap.map_smul_inv
LinearMap.toMatrix₂_symm
LinearOrderedField.smul_Iic
List.IsPrefix.subset
LocallyConstant.coe_desc
LocallyConstant.mulIndicator_of_not_mem
Matrix.diag_apply
MeasureTheory.ProbabilityMeasure.apply_mono
Monoid.minOrder_le_orderOf
MulHom.coe_prod
NonUnitalSubring.coe_toNonUnitalSubsemiring
OrderEmbedding.coe_ofMapLEIff
OrderHom.apply_mono
PFun.fn_apply
Poly.const_apply
Polynomial.continuous_eval₂
Profinite.IndexFunctor.map_comp_π_app
RingEquiv.map_multiset_sum
RingHom.mapMatrix_id
Set.Ioc_def
StrictMono.image_Iio_subset
String.Pos.ext_iff
SzemerediRegularity.one_le_m_coe
TensorAlgebra.ringQuot_mkAlgHom_freeAlgebra_ι_eq_ι
Tropical.untrop_zero
UniformSpace.to_nhds_mono
Valuation.IsEquiv.trans
Zsqrtd.nonnegg_comm
lowerClosure_empty
toZ_of_ge
