logs/best_first_search/02-08-20-18.log
None
{   'dataset_name': 'hoskinson-center/minif2f-lean4',
    'log_root': './logs',
    'max_iters': 4,
    'model_name': 'wellecks/llmstep-mathlib4-pythia2.8b',
    'num_samples': 4,
    'search_budget': 4,
    'search_method': 'best_first_search',
    'slice_size': 1,
    'split': 'validation',
    'temperatures': [0.5],
    'verbose': True}
--- current:
	theorem amc12a_2019_p21
  (z : ℂ)
  (h₀ : z = (1 + Complex.I) / Real.sqrt 2) :
  (∑ k in Finset.Icc 1 12, (z^(k^2))) * (∑ k in Finset.Icc 1 12, (1 / z^(k^2))) = 36 := by 
	
--- type-checked candidates:
	(-0.293) have h₁ : (0 : ℝ) < Real.sqrt 2 := by norm_num
	(-0.344) have h₁ : (1 : ℂ) + Complex.I = Complex.I + Complex.I := by simp
--- current:
	theorem amc12a_2019_p21
  (z : ℂ)
  (h₀ : z = (1 + Complex.I) / Real.sqrt 2) :
  (∑ k in Finset.Icc 1 12, (z^(k^2))) * (∑ k in Finset.Icc 1 12, (1 / z^(k^2))) = 36 := by 
	have h₁ : (0 : ℝ) < Real.sqrt 2 := by norm_num
--- type-checked candidates:
	(-0.360) have h₂ : 0 < Real.sqrt 2 := by positivity
	(-0.254) have h₂ : 0 < Real.sqrt 2 := by exact_mod_cast h₁
--- current:
	theorem amc12a_2019_p21
  (z : ℂ)
  (h₀ : z = (1 + Complex.I) / Real.sqrt 2) :
  (∑ k in Finset.Icc 1 12, (z^(k^2))) * (∑ k in Finset.Icc 1 12, (1 / z^(k^2))) = 36 := by 
	have h₁ : (1 : ℂ) + Complex.I = Complex.I + Complex.I := by simp
--- type-checked candidates:
	
--- current:
	theorem amc12a_2019_p21
  (z : ℂ)
  (h₀ : z = (1 + Complex.I) / Real.sqrt 2) :
  (∑ k in Finset.Icc 1 12, (z^(k^2))) * (∑ k in Finset.Icc 1 12, (1 / z^(k^2))) = 36 := by 
	have h₁ : (0 : ℝ) < Real.sqrt 2 := by norm_num
	have h₂ : 0 < Real.sqrt 2 := by exact_mod_cast h₁
--- type-checked candidates:
	(-0.380) have h₁₂ : (0 : ℝ) < Real.sqrt 2 := by norm_num
	(-0.353) simp [h₀, h₁, h₂]
	(-0.462) have h₃ : (1 : ℂ) ≠ -1 := by simp
	(-0.322) have h₃ : 0 < Real.sqrt 2 := by norm_num
{'theorem_statement': 'theorem amc12a_2019_p21\n  (z : ℂ)\n  (h₀ : z = (1 + Complex.I) / Real.sqrt 2) :\n  (∑ k in Finset.Icc 1 12, (z^(k^2))) * (∑ k in Finset.Icc 1 12, (1 / z^(k^2))) = 36 := by {}', 'success': False}

-----

Success Rate: 0.0
