logs/best_first_search/02-09-02-38.log
None
{   'dataset_name': 'hoskinson-center/minif2f-lean4',
    'log_root': './logs',
    'max_iters': 10,
    'model_name': 'open-web-math/llemma_7b',
    'num_samples': 4,
    'search_budget': 10,
    'search_method': 'best_first_search',
    'slice_size': 1,
    'split': 'test',
    'temperatures': [0.5],
    'verbose': True}
--- current:
	theorem mathd_algebra_478
  (b h v : ℝ)
  (h₀ : 0 < b ∧ 0 < h ∧ 0 < v)
  (h₁ : v = 1 / 3 * (b * h))
  (h₂ : b = 30)
  (h₃ : h = 13 / 2) :
  v = 65 := by 
	
--- type-checked candidates:
	
{   'success': False,
    'theorem_statement': 'theorem mathd_algebra_478\n'
                         '  (b h v : ℝ)\n'
                         '  (h₀ : 0 < b ∧ 0 < h ∧ 0 < v)\n'
                         '  (h₁ : v = 1 / 3 * (b * h))\n'
                         '  (h₂ : b = 30)\n'
                         '  (h₃ : h = 13 / 2) :\n'
                         '  v = 65 := by {}'}

-----

Success Rate: 0.0
