logs/best_first_search/02-08-20-16.log
None
{   'dataset_name': 'hoskinson-center/minif2f-lean4',
    'log_root': './logs',
    'max_iters': 4,
    'model_name': 'wellecks/llmstep-mathlib4-pythia2.8b',
    'num_samples': 4,
    'search_budget': 4,
    'search_method': 'best_first_search',
    'slice_size': 1,
    'split': 'validation',
    'temperatures': [0.5],
    'verbose': True}
--- current:
	theorem amc12a_2019_p21
  (z : ℂ)
  (h₀ : z = (1 + Complex.I) / Real.sqrt 2) :
  (∑ k in Finset.Icc 1 12, (z^(k^2))) * (∑ k in Finset.Icc 1 12, (1 / z^(k^2))) = 36 := by 
	
--- type-checked candidates:
	
{'theorem_statement': 'theorem amc12a_2019_p21\n  (z : ℂ)\n  (h₀ : z = (1 + Complex.I) / Real.sqrt 2) :\n  (∑ k in Finset.Icc 1 12, (z^(k^2))) * (∑ k in Finset.Icc 1 12, (1 / z^(k^2))) = 36 := by {}', 'success': False}

-----

Success Rate: 0.0
