logs/best_first_search/02-08-20-28.log
None
{   'dataset_name': 'hoskinson-center/minif2f-lean4',
    'log_root': './logs',
    'max_iters': 10,
    'model_name': 'wellecks/llmstep-mathlib4-pythia2.8b',
    'num_samples': 4,
    'search_budget': 10,
    'search_method': 'best_first_search',
    'slice_size': 1,
    'split': 'test',
    'temperatures': [0.5],
    'verbose': True}
--- current:
	theorem mathd_algebra_478
  (b h v : ℝ)
  (h₀ : 0 < b ∧ 0 < h ∧ 0 < v)
  (h₁ : v = 1 / 3 * (b * h))
  (h₂ : b = 30)
  (h₃ : h = 13 / 2) :
  v = 65 := by 
	
--- type-checked candidates:
	
{'theorem_statement': 'theorem mathd_algebra_478\n  (b h v : ℝ)\n  (h₀ : 0 < b ∧ 0 < h ∧ 0 < v)\n  (h₁ : v = 1 / 3 * (b * h))\n  (h₂ : b = 30)\n  (h₃ : h = 13 / 2) :\n  v = 65 := by {}', 'success': False}

-----

Success Rate: 0.0
