logs/best_first_search/02-13-02-02.log
None
{   'dataset_name': 'minif2f-test',
    'dataset_path': './data/minif2f.jsonl',
    'dtype': 'float16',
    'early_stop': False,
    'gen_method': 'hf',
    'log_root': './logs',
    'max_iters': 100,
    'max_num_batched_tokens': 4096,
    'model_name': 'open-web-math/llemma_7b',
    'num_samples': 32,
    'num_shards': 8,
    'results_root': './results',
    'search_budget': 32,
    'search_method': 'best_first_search',
    'temperatures': [0.0],
    'timeout': 1200,
    'tp_degree': 8,
    'verbose': True}

Current State:
TacticState(pp='b h v : ℝ\nh₀ : 0 < b ∧ 0 < h ∧ 0 < v\nh₁ : v = 1 / 3 * (b * h)\nh₂ : b = 30\nh₃ : h = 13 / 2\n⊢ v = 65', id=0, message=None)


step: calc
  v; score: -5.277

Current State:
TacticState(pp='case calc.step\nb h v : ℝ\nh₀ : 0 < b ∧ 0 < h ∧ 0 < v\nh₁ : v = 1 / 3 * (b * h)\nh₂ : b = 30\nh₃ : h = 13 / 2\n⊢ v = 65', id=3, message='')

